<?xml version="1.0" encoding="UTF-8"?>
<testng-results skipped="0" failed="0" ignored="0" total="0" passed="0">
  <reporter-output>
  </reporter-output>
  <suite name="Example test run" duration-ms="3" started-at="2018-07-30T12:24:50Z" finished-at="2018-07-30T12:24:50Z">
    <groups>
    </groups>
    <test name="Simple Test" duration-ms="3" started-at="2018-07-30T12:24:50Z" finished-at="2018-07-30T12:24:50Z">
    </test> <!-- Simple Test -->
  </suite> <!-- Example test run -->
</testng-results>
